0 info it worked if it ends with ok
1 verbose cli [ '/Users/higherstar/.nvm/versions/node/v6.10.2/bin/node',
1 verbose cli   '/Users/higherstar/.nvm/versions/node/v6.10.2/bin/npm',
1 verbose cli   'run',
1 verbose cli   'start' ]
2 info using npm@3.10.10
3 info using node@v6.10.2
4 verbose run-script [ 'prestart', 'start', 'poststart' ]
5 info lifecycle nodejs-creating-restful-apis@1.0.0~prestart: nodejs-creating-restful-apis@1.0.0
6 silly lifecycle nodejs-creating-restful-apis@1.0.0~prestart: no script for prestart, continuing
7 info lifecycle nodejs-creating-restful-apis@1.0.0~start: nodejs-creating-restful-apis@1.0.0
8 verbose lifecycle nodejs-creating-restful-apis@1.0.0~start: unsafe-perm in lifecycle true
9 verbose lifecycle nodejs-creating-restful-apis@1.0.0~start: PATH: /Users/higherstar/.nvm/versions/node/v6.10.2/lib/node_modules/npm/bin/node-gyp-bin:/Volumes/Data/Ongoing/EtherThrone/codebase/app-backend/node_modules/.bin:/Users/higherstar/.nvm/versions/node/v6.10.2/bin:/usr/local/bin:/usr/bin:/bin:/usr/sbin:/sbin:/Users/higherstar/Library/Android/sdk/tools:/Users/higherstar/Library/Android/sdk/platform-tools
10 verbose lifecycle nodejs-creating-restful-apis@1.0.0~start: CWD: /Volumes/Data/Ongoing/EtherThrone/codebase/app-backend
11 silly lifecycle nodejs-creating-restful-apis@1.0.0~start: Args: [ '-c', 'node server.js' ]
12 silly lifecycle nodejs-creating-restful-apis@1.0.0~start: Returned: code: 1  signal: null
13 info lifecycle nodejs-creating-restful-apis@1.0.0~start: Failed to exec start script
14 verbose stack Error: nodejs-creating-restful-apis@1.0.0 start: `node server.js`
14 verbose stack Exit status 1
14 verbose stack     at EventEmitter.<anonymous> (/Users/higherstar/.nvm/versions/node/v6.10.2/lib/node_modules/npm/lib/utils/lifecycle.js:255:16)
14 verbose stack     at emitTwo (events.js:106:13)
14 verbose stack     at EventEmitter.emit (events.js:191:7)
14 verbose stack     at ChildProcess.<anonymous> (/Users/higherstar/.nvm/versions/node/v6.10.2/lib/node_modules/npm/lib/utils/spawn.js:40:14)
14 verbose stack     at emitTwo (events.js:106:13)
14 verbose stack     at ChildProcess.emit (events.js:191:7)
14 verbose stack     at maybeClose (internal/child_process.js:886:16)
14 verbose stack     at Process.ChildProcess._handle.onexit (internal/child_process.js:226:5)
15 verbose pkgid nodejs-creating-restful-apis@1.0.0
16 verbose cwd /Volumes/Data/Ongoing/EtherThrone/codebase/app-backend
17 error Darwin 16.7.0
18 error argv "/Users/higherstar/.nvm/versions/node/v6.10.2/bin/node" "/Users/higherstar/.nvm/versions/node/v6.10.2/bin/npm" "run" "start"
19 error node v6.10.2
20 error npm  v3.10.10
21 error code ELIFECYCLE
22 error nodejs-creating-restful-apis@1.0.0 start: `node server.js`
22 error Exit status 1
23 error Failed at the nodejs-creating-restful-apis@1.0.0 start script 'node server.js'.
23 error Make sure you have the latest version of node.js and npm installed.
23 error If you do, this is most likely a problem with the nodejs-creating-restful-apis package,
23 error not with npm itself.
23 error Tell the author that this fails on your system:
23 error     node server.js
23 error You can get information on how to open an issue for this project with:
23 error     npm bugs nodejs-creating-restful-apis
23 error Or if that isn't available, you can get their info via:
23 error     npm owner ls nodejs-creating-restful-apis
23 error There is likely additional logging output above.
24 verbose exit [ 1, true ]
